<?xml version="1.0" encoding="UTF-8"?>
<!-- Generated by org.testng.reporters.JUnitReportReporter -->
<testsuite hostname="A-Air.local" failures="0" tests="1" name="SeleniumAssignment.CaffeinElement" time="8.870" errors="0" timestamp="2023-03-25T23:53:53 IST" skipped="0">
  <testcase classname="SeleniumAssignment.CaffeinElement" name="caffeine" time="8.870"/>
  <system-out/>
</testsuite> <!-- SeleniumAssignment.CaffeinElement -->
