<?xml version="1.0" encoding="UTF-8"?>
<!-- Generated by org.testng.reporters.JUnitReportReporter -->
<testsuite hostname="A-Air.local" failures="0" tests="1" name="SeleniumAssignment.RegisterForm" time="19.143" errors="0" timestamp="2023-03-25T23:28:34 IST" skipped="0">
  <testcase classname="SeleniumAssignment.RegisterForm" name="register" time="19.143"/>
  <system-out/>
</testsuite> <!-- SeleniumAssignment.RegisterForm -->
