<?xml version="1.0" encoding="UTF-8"?>
<!-- Generated by org.testng.reporters.JUnitReportReporter -->
<testsuite hostname="A-Air.local" failures="0" tests="1" name="SeleniumAssignment.SauceLabAssg1" time="29.492" errors="0" timestamp="2023-03-25T15:02:04 IST" skipped="0">
  <testcase classname="SeleniumAssignment.SauceLabAssg1" name="SauceDemo" time="29.492"/>
  <system-out/>
</testsuite> <!-- SeleniumAssignment.SauceLabAssg1 -->
