<?xml version="1.0" encoding="UTF-8"?>
<!-- Generated by org.testng.reporters.JUnitReportReporter -->
<testsuite hostname="A-Air.local" failures="0" tests="1" name="SeleniumAssignment.CheckBoxRadioButton" time="24.350" errors="0" timestamp="2023-03-26T00:31:54 IST" skipped="0">
  <testcase classname="SeleniumAssignment.CheckBoxRadioButton" name="Checkbox" time="24.350"/>
  <system-out/>
</testsuite> <!-- SeleniumAssignment.CheckBoxRadioButton -->
