<?xml version="1.0" encoding="UTF-8"?>
<!-- Generated by org.testng.reporters.JUnitReportReporter -->
<testsuite hostname="A-Air.local" failures="0" tests="1" name="SeleniumAssignment.Script" time="22.126" errors="0" timestamp="2023-03-25T14:58:51 IST" skipped="0">
  <testcase classname="SeleniumAssignment.Script" name="Script" time="22.126"/>
  <system-out/>
</testsuite> <!-- SeleniumAssignment.Script -->
