<?xml version="1.0" encoding="UTF-8"?>
<!-- Generated by org.testng.reporters.JUnitReportReporter -->
<testsuite hostname="A-Air.local" failures="0" tests="1" name="SeleniumAssignment.PromptConfirmBox" time="9.611" errors="0" timestamp="2023-03-26T18:02:33 IST" skipped="0">
  <testcase classname="SeleniumAssignment.PromptConfirmBox" name="clickOK" time="9.611"/>
  <system-out/>
</testsuite> <!-- SeleniumAssignment.PromptConfirmBox -->
