<?xml version="1.0" encoding="UTF-8"?>
<!-- Generated by org.testng.reporters.JUnitReportReporter -->
<testsuite hostname="A-Air.local" failures="0" tests="1" name="SeleniumAssignment.PromptScript" time="18.198" errors="0" timestamp="2023-03-25T17:30:58 IST" skipped="0">
  <testcase classname="SeleniumAssignment.PromptScript" name="alertTesting" time="18.198"/>
  <system-out/>
</testsuite> <!-- SeleniumAssignment.PromptScript -->
