<?xml version="1.0" encoding="UTF-8"?>
<!-- Generated by org.testng.reporters.JUnitReportReporter -->
<testsuite hostname="A-Air.local" failures="0" tests="1" name="SeleniumAssignment.Assign1CartButton" time="130.691" errors="0" timestamp="2023-03-31T00:50:26 IST" skipped="0">
  <testcase classname="SeleniumAssignment.Assign1CartButton" name="Cart" time="130.691"/>
  <system-out/>
</testsuite> <!-- SeleniumAssignment.Assign1CartButton -->
