<?xml version="1.0" encoding="UTF-8"?>
<!-- Generated by org.testng.reporters.JUnitReportReporter -->
<testsuite hostname="A-Air.local" failures="0" tests="1" name="SeleniumAssignment.BasicCalculator" time="18.031" errors="0" timestamp="2023-03-25T15:53:51 IST" skipped="0">
  <testcase classname="SeleniumAssignment.BasicCalculator" name="Basiccal" time="18.031"/>
  <system-out/>
</testsuite> <!-- SeleniumAssignment.BasicCalculator -->
