<?xml version="1.0" encoding="UTF-8"?>
<!-- Generated by org.testng.reporters.JUnitReportReporter -->
<testsuite hostname="A-Air.local" failures="0" tests="1" name="SeleniumAssignment.Calculatecirlesur" time="14.957" errors="0" timestamp="2023-03-25T15:00:38 IST" skipped="0">
  <testcase classname="SeleniumAssignment.Calculatecirlesur" name="Script" time="14.957"/>
  <system-out/>
</testsuite> <!-- SeleniumAssignment.Calculatecirlesur -->
